# JRE version: OpenJDK Runtime Environment Temurin-21.0.8+9 (21.0.8+9) (build 21.0.8+9-LTS)
# Java VM: OpenJDK 64-Bit Server VM Temurin-21.0.8+9 (21.0.8+9-LTS, mixed mode, sharing, tiered, compressed oops, compressed class ptrs, parallel gc, windows-amd64)
GC Precious Log:
 CardTable entry size: 512
 CPUs: 4 total, 4 available
 Memory: 16278M
 Large Page Support: Disabled
 NUMA Support: Disabled
 Compressed Oops: Enabled (32-bit)
 Alignments: Space 512K, Generation 512K, Heap 2M
 Heap Min Capacity: 100M
 Heap Initial Capacity: 100M
 Heap Max Capacity: 2G
 Pre-touch: Disabled
 Parallel Workers: 4
Heap:
 PSYoungGen      total 5120K, used 3204K [0x00000000d5580000, 0x00000000d5c00000, 0x0000000100000000)
  eden space 4608K, 65% used [0x00000000d5580000,0x00000000d5873088,0x00000000d5a00000)
  from space 512K, 35% used [0x00000000d5b00000,0x00000000d5b2e0e0,0x00000000d5b80000)
  to   space 512K, 0% used [0x00000000d5b80000,0x00000000d5b80000,0x00000000d5c00000)
 ParOldGen       total 425984K, used 425550K [0x0000000080000000, 0x000000009a000000, 0x00000000d5580000)
  object space 425984K, 99% used [0x0000000080000000,0x0000000099f93a88,0x000000009a000000)
 Metaspace       used 70354K, committed 71744K, reserved 1114112K
  class space    used 7355K, committed 8000K, reserved 1048576K
GC Heap History (20 events):
Event: 121.557 GC heap before
{Heap before GC invocations=531 (full 3):
 PSYoungGen      total 5632K, used 4572K [0x00000000d5580000, 0x00000000d5c80000, 0x0000000100000000)
  eden space 4608K, 96% used [0x00000000d5580000,0x00000000d59d7150,0x00000000d5a00000)
  from space 1024K, 12% used [0x00000000d5a80000,0x00000000d5aa0000,0x00000000d5b80000)
  to   space 512K, 0% used [0x00000000d5c00000,0x00000000d5c00000,0x00000000d5c80000)
 ParOldGen       total 419328K, used 419292K [0x0000000080000000, 0x0000000099980000, 0x00000000d5580000)
  object space 419328K, 99% used [0x0000000080000000,0x00000000999773a8,0x0000000099980000)
 Metaspace       used 68781K, committed 70208K, reserved 1114112K
  class space    used 7217K, committed 7872K, reserved 1048576K
}
Event: 121.561 GC heap after
{Heap after GC invocations=531 (full 3):
 PSYoungGen      total 5120K, used 128K [0x00000000d5580000, 0x00000000d5c80000, 0x0000000100000000)
  eden space 4608K, 0% used [0x00000000d5580000,0x00000000d5580000,0x00000000d5a00000)
  from space 512K, 25% used [0x00000000d5c00000,0x00000000d5c20000,0x00000000d5c80000)
  to   space 512K, 0% used [0x00000000d5b80000,0x00000000d5b80000,0x00000000d5c00000)
 ParOldGen       total 423936K, used 423095K [0x0000000080000000, 0x0000000099e00000, 0x00000000d5580000)
  object space 423936K, 99% used [0x0000000080000000,0x0000000099d2dde8,0x0000000099e00000)
 Metaspace       used 68781K, committed 70208K, reserved 1114112K
  class space    used 7217K, committed 7872K, reserved 1048576K
}
Event: 121.705 GC heap before
{Heap before GC invocations=532 (full 3):
 PSYoungGen      total 5120K, used 4736K [0x00000000d5580000, 0x00000000d5c80000, 0x0000000100000000)
  eden space 4608K, 100% used [0x00000000d5580000,0x00000000d5a00000,0x00000000d5a00000)
  from space 512K, 25% used [0x00000000d5c00000,0x00000000d5c20000,0x00000000d5c80000)
  to   space 512K, 0% used [0x00000000d5b80000,0x00000000d5b80000,0x00000000d5c00000)
 ParOldGen       total 423936K, used 423095K [0x0000000080000000, 0x0000000099e00000, 0x00000000d5580000)
  object space 423936K, 99% used [0x0000000080000000,0x0000000099d2dde8,0x0000000099e00000)
 Metaspace       used 68938K, committed 70336K, reserved 1114112K
  class space    used 7227K, committed 7872K, reserved 1048576K
}
Event: 121.709 GC heap after
{Heap after GC invocations=532 (full 3):
 PSYoungGen      total 5120K, used 260K [0x00000000d5580000, 0x00000000d5c80000, 0x0000000100000000)
  eden space 4608K, 0% used [0x00000000d5580000,0x00000000d5580000,0x00000000d5a00000)
  from space 512K, 50% used [0x00000000d5b80000,0x00000000d5bc1270,0x00000000d5c00000)
  to   space 512K, 0% used [0x00000000d5c00000,0x00000000d5c00000,0x00000000d5c80000)
 ParOldGen       total 423936K, used 423111K [0x0000000080000000, 0x0000000099e00000, 0x00000000d5580000)
  object space 423936K, 99% used [0x0000000080000000,0x0000000099d31de8,0x0000000099e00000)
 Metaspace       used 68938K, committed 70336K, reserved 1114112K
  class space    used 7227K, committed 7872K, reserved 1048576K
}
Event: 121.834 GC heap before
{Heap before GC invocations=533 (full 3):
 PSYoungGen      total 5120K, used 4819K [0x00000000d5580000, 0x00000000d5c80000, 0x0000000100000000)
  eden space 4608K, 98% used [0x00000000d5580000,0x00000000d59f3a80,0x00000000d5a00000)
  from space 512K, 50% used [0x00000000d5b80000,0x00000000d5bc1270,0x00000000d5c00000)
  to   space 512K, 0% used [0x00000000d5c00000,0x00000000d5c00000,0x00000000d5c80000)
 ParOldGen       total 423936K, used 423111K [0x0000000080000000, 0x0000000099e00000, 0x00000000d5580000)
  object space 423936K, 99% used [0x0000000080000000,0x0000000099d31de8,0x0000000099e00000)
 Metaspace       used 69003K, committed 70400K, reserved 1114112K
  class space    used 7234K, committed 7872K, reserved 1048576K
}
Event: 121.836 GC heap after
{Heap after GC invocations=533 (full 3):
 PSYoungGen      total 5120K, used 469K [0x00000000d5580000, 0x00000000d5c80000, 0x0000000100000000)
  eden space 4608K, 0% used [0x00000000d5580000,0x00000000d5580000,0x00000000d5a00000)
  from space 512K, 91% used [0x00000000d5c00000,0x00000000d5c756f8,0x00000000d5c80000)
  to   space 512K, 0% used [0x00000000d5b80000,0x00000000d5b80000,0x00000000d5c00000)
 ParOldGen       total 423936K, used 423483K [0x0000000080000000, 0x0000000099e00000, 0x00000000d5580000)
  object space 423936K, 99% used [0x0000000080000000,0x0000000099d8ee28,0x0000000099e00000)
 Metaspace       used 69003K, committed 70400K, reserved 1114112K
  class space    used 7234K, committed 7872K, reserved 1048576K
}
Event: 121.927 GC heap before
{Heap before GC invocations=534 (full 3):
 PSYoungGen      total 5120K, used 5071K [0x00000000d5580000, 0x00000000d5c80000, 0x0000000100000000)
  eden space 4608K, 99% used [0x00000000d5580000,0x00000000d59fe750,0x00000000d5a00000)
  from space 512K, 91% used [0x00000000d5c00000,0x00000000d5c756f8,0x00000000d5c80000)
  to   space 512K, 0% used [0x00000000d5b80000,0x00000000d5b80000,0x00000000d5c00000)
 ParOldGen       total 423936K, used 423483K [0x0000000080000000, 0x0000000099e00000, 0x00000000d5580000)
  object space 423936K, 99% used [0x0000000080000000,0x0000000099d8ee28,0x0000000099e00000)
 Metaspace       used 69186K, committed 70592K, reserved 1114112K
  class space    used 7240K, committed 7872K, reserved 1048576K
}
Event: 121.929 GC heap after
{Heap after GC invocations=534 (full 3):
 PSYoungGen      total 5120K, used 503K [0x00000000d5580000, 0x00000000d5c80000, 0x0000000100000000)
  eden space 4608K, 0% used [0x00000000d5580000,0x00000000d5580000,0x00000000d5a00000)
  from space 512K, 98% used [0x00000000d5b80000,0x00000000d5bfde70,0x00000000d5c00000)
  to   space 512K, 0% used [0x00000000d5c00000,0x00000000d5c00000,0x00000000d5c80000)
 ParOldGen       total 423936K, used 423573K [0x0000000080000000, 0x0000000099e00000, 0x00000000d5580000)
  object space 423936K, 99% used [0x0000000080000000,0x0000000099da5518,0x0000000099e00000)
 Metaspace       used 69186K, committed 70592K, reserved 1114112K
  class space    used 7240K, committed 7872K, reserved 1048576K
}
Event: 122.241 GC heap before
{Heap before GC invocations=535 (full 3):
 PSYoungGen      total 5120K, used 5111K [0x00000000d5580000, 0x00000000d5c80000, 0x0000000100000000)
  eden space 4608K, 100% used [0x00000000d5580000,0x00000000d5a00000,0x00000000d5a00000)
  from space 512K, 98% used [0x00000000d5b80000,0x00000000d5bfde70,0x00000000d5c00000)
  to   space 512K, 0% used [0x00000000d5c00000,0x00000000d5c00000,0x00000000d5c80000)
 ParOldGen       total 423936K, used 423573K [0x0000000080000000, 0x0000000099e00000, 0x00000000d5580000)
  object space 423936K, 99% used [0x0000000080000000,0x0000000099da5518,0x0000000099e00000)
 Metaspace       used 69505K, committed 70848K, reserved 1114112K
  class space    used 7261K, committed 7872K, reserved 1048576K
}
Event: 122.248 GC heap after
{Heap after GC invocations=535 (full 3):
 PSYoungGen      total 5120K, used 510K [0x00000000d5580000, 0x00000000d5d00000, 0x0000000100000000)
  eden space 4608K, 0% used [0x00000000d5580000,0x00000000d5580000,0x00000000d5a00000)
  from space 512K, 99% used [0x00000000d5c00000,0x00000000d5c7fb70,0x00000000d5c80000)
  to   space 1536K, 0% used [0x00000000d5a00000,0x00000000d5a00000,0x00000000d5b80000)
 ParOldGen       total 424448K, used 424147K [0x0000000080000000, 0x0000000099e80000, 0x00000000d5580000)
  object space 424448K, 99% used [0x0000000080000000,0x0000000099e34e58,0x0000000099e80000)
 Metaspace       used 69505K, committed 70848K, reserved 1114112K
  class space    used 7261K, committed 7872K, reserved 1048576K
}
Event: 122.456 GC heap before
{Heap before GC invocations=536 (full 3):
 PSYoungGen      total 5120K, used 5118K [0x00000000d5580000, 0x00000000d5d00000, 0x0000000100000000)
  eden space 4608K, 100% used [0x00000000d5580000,0x00000000d5a00000,0x00000000d5a00000)
  from space 512K, 99% used [0x00000000d5c00000,0x00000000d5c7fb70,0x00000000d5c80000)
  to   space 1536K, 0% used [0x00000000d5a00000,0x00000000d5a00000,0x00000000d5b80000)
 ParOldGen       total 424448K, used 424147K [0x0000000080000000, 0x0000000099e80000, 0x00000000d5580000)
  object space 424448K, 99% used [0x0000000080000000,0x0000000099e34e58,0x0000000099e80000)
 Metaspace       used 69972K, committed 71360K, reserved 1114112K
  class space    used 7308K, committed 7936K, reserved 1048576K
}
Event: 122.462 GC heap after
{Heap after GC invocations=536 (full 3):
 PSYoungGen      total 6144K, used 645K [0x00000000d5580000, 0x00000000d5c80000, 0x0000000100000000)
  eden space 4608K, 0% used [0x00000000d5580000,0x00000000d5580000,0x00000000d5a00000)
  from space 1536K, 41% used [0x00000000d5a00000,0x00000000d5aa1448,0x00000000d5b80000)
  to   space 1024K, 0% used [0x00000000d5b80000,0x00000000d5b80000,0x00000000d5c80000)
 ParOldGen       total 424960K, used 424644K [0x0000000080000000, 0x0000000099f00000, 0x00000000d5580000)
  object space 424960K, 99% used [0x0000000080000000,0x0000000099eb1038,0x0000000099f00000)
 Metaspace       used 69972K, committed 71360K, reserved 1114112K
  class space    used 7308K, committed 7936K, reserved 1048576K
}
Event: 122.634 GC heap before
{Heap before GC invocations=537 (full 3):
 PSYoungGen      total 6144K, used 5253K [0x00000000d5580000, 0x00000000d5c80000, 0x0000000100000000)
  eden space 4608K, 100% used [0x00000000d5580000,0x00000000d5a00000,0x00000000d5a00000)
  from space 1536K, 41% used [0x00000000d5a00000,0x00000000d5aa1448,0x00000000d5b80000)
  to   space 1024K, 0% used [0x00000000d5b80000,0x00000000d5b80000,0x00000000d5c80000)
 ParOldGen       total 424960K, used 424644K [0x0000000080000000, 0x0000000099f00000, 0x00000000d5580000)
  object space 424960K, 99% used [0x0000000080000000,0x0000000099eb1038,0x0000000099f00000)
 Metaspace       used 70120K, committed 71488K, reserved 1114112K
  class space    used 7332K, committed 7936K, reserved 1048576K
}
Event: 122.638 GC heap after
{Heap after GC invocations=537 (full 3):
 PSYoungGen      total 5120K, used 256K [0x00000000d5580000, 0x00000000d5c00000, 0x0000000100000000)
  eden space 4608K, 0% used [0x00000000d5580000,0x00000000d5580000,0x00000000d5a00000)
  from space 512K, 50% used [0x00000000d5b80000,0x00000000d5bc0000,0x00000000d5c00000)
  to   space 512K, 0% used [0x00000000d5b00000,0x00000000d5b00000,0x00000000d5b80000)
 ParOldGen       total 425472K, used 425139K [0x0000000080000000, 0x0000000099f80000, 0x00000000d5580000)
  object space 425472K, 99% used [0x0000000080000000,0x0000000099f2cdc0,0x0000000099f80000)
 Metaspace       used 70120K, committed 71488K, reserved 1114112K
  class space    used 7332K, committed 7936K, reserved 1048576K
}
Event: 123.257 GC heap before
{Heap before GC invocations=538 (full 3):
 PSYoungGen      total 5120K, used 4863K [0x00000000d5580000, 0x00000000d5c00000, 0x0000000100000000)
  eden space 4608K, 99% used [0x00000000d5580000,0x00000000d59ffe80,0x00000000d5a00000)
  from space 512K, 50% used [0x00000000d5b80000,0x00000000d5bc0000,0x00000000d5c00000)
  to   space 512K, 0% used [0x00000000d5b00000,0x00000000d5b00000,0x00000000d5b80000)
 ParOldGen       total 425472K, used 425139K [0x0000000080000000, 0x0000000099f80000, 0x00000000d5580000)
  object space 425472K, 99% used [0x0000000080000000,0x0000000099f2cdc0,0x0000000099f80000)
 Metaspace       used 70273K, committed 71744K, reserved 1114112K
  class space    used 7349K, committed 8000K, reserved 1048576K
}
Event: 123.259 GC heap after
{Heap after GC invocations=538 (full 3):
 PSYoungGen      total 5120K, used 191K [0x00000000d5580000, 0x00000000d5c00000, 0x0000000100000000)
  eden space 4608K, 0% used [0x00000000d5580000,0x00000000d5580000,0x00000000d5a00000)
  from space 512K, 37% used [0x00000000d5b00000,0x00000000d5b2fda8,0x00000000d5b80000)
  to   space 512K, 0% used [0x00000000d5b80000,0x00000000d5b80000,0x00000000d5c00000)
 ParOldGen       total 425472K, used 425273K [0x0000000080000000, 0x0000000099f80000, 0x00000000d5580000)
  object space 425472K, 99% used [0x0000000080000000,0x0000000099f4e7e8,0x0000000099f80000)
 Metaspace       used 70273K, committed 71744K, reserved 1114112K
  class space    used 7349K, committed 8000K, reserved 1048576K
}
Event: 123.854 GC heap before
{Heap before GC invocations=539 (full 3):
 PSYoungGen      total 5120K, used 4799K [0x00000000d5580000, 0x00000000d5c00000, 0x0000000100000000)
  eden space 4608K, 99% used [0x00000000d5580000,0x00000000d59fffb0,0x00000000d5a00000)
  from space 512K, 37% used [0x00000000d5b00000,0x00000000d5b2fda8,0x00000000d5b80000)
  to   space 512K, 0% used [0x00000000d5b80000,0x00000000d5b80000,0x00000000d5c00000)
 ParOldGen       total 425472K, used 425273K [0x0000000080000000, 0x0000000099f80000, 0x00000000d5580000)
  object space 425472K, 99% used [0x0000000080000000,0x0000000099f4e7e8,0x0000000099f80000)
 Metaspace       used 70314K, committed 71744K, reserved 1114112K
  class space    used 7350K, committed 8000K, reserved 1048576K
}
Event: 123.855 GC heap after
{Heap after GC invocations=539 (full 3):
 PSYoungGen      total 5120K, used 293K [0x00000000d5580000, 0x00000000d5c00000, 0x0000000100000000)
  eden space 4608K, 0% used [0x00000000d5580000,0x00000000d5580000,0x00000000d5a00000)
  from space 512K, 57% used [0x00000000d5b80000,0x00000000d5bc9428,0x00000000d5c00000)
  to   space 512K, 0% used [0x00000000d5b00000,0x00000000d5b00000,0x00000000d5b80000)
 ParOldGen       total 425472K, used 425412K [0x0000000080000000, 0x0000000099f80000, 0x00000000d5580000)
  object space 425472K, 99% used [0x0000000080000000,0x0000000099f712f8,0x0000000099f80000)
 Metaspace       used 70314K, committed 71744K, reserved 1114112K
  class space    used 7350K, committed 8000K, reserved 1048576K
}
Event: 124.270 GC heap before
{Heap before GC invocations=540 (full 3):
 PSYoungGen      total 5120K, used 4901K [0x00000000d5580000, 0x00000000d5c00000, 0x0000000100000000)
  eden space 4608K, 100% used [0x00000000d5580000,0x00000000d5a00000,0x00000000d5a00000)
  from space 512K, 57% used [0x00000000d5b80000,0x00000000d5bc9428,0x00000000d5c00000)
  to   space 512K, 0% used [0x00000000d5b00000,0x00000000d5b00000,0x00000000d5b80000)
 ParOldGen       total 425472K, used 425412K [0x0000000080000000, 0x0000000099f80000, 0x00000000d5580000)
  object space 425472K, 99% used [0x0000000080000000,0x0000000099f712f8,0x0000000099f80000)
 Metaspace       used 70317K, committed 71744K, reserved 1114112K
  class space    used 7350K, committed 8000K, reserved 1048576K
}
Event: 124.272 GC heap after
{Heap after GC invocations=540 (full 3):
 PSYoungGen      total 5120K, used 184K [0x00000000d5580000, 0x00000000d5c00000, 0x0000000100000000)
  eden space 4608K, 0% used [0x00000000d5580000,0x00000000d5580000,0x00000000d5a00000)
  from space 512K, 35% used [0x00000000d5b00000,0x00000000d5b2e0e0,0x00000000d5b80000)
  to   space 512K, 0% used [0x00000000d5b80000,0x00000000d5b80000,0x00000000d5c00000)
 ParOldGen       total 425984K, used 425550K [0x0000000080000000, 0x000000009a000000, 0x00000000d5580000)
  object space 425984K, 99% used [0x0000000080000000,0x0000000099f93a88,0x000000009a000000)
 Metaspace       used 70317K, committed 71744K, reserved 1114112K
  class space    used 7350K, committed 8000K, reserved 1048576K
}

